<?xml version="1.0" encoding="UTF-8"?>
<!-- Generated by org.testng.reporters.JUnitXMLReporter -->
<testsuite ignored="0" hostname="edulab3" failures="0" tests="4" name="Test" time="0.137" errors="0" timestamp="2023-10-23T16:47:01 IST">
  <testcase classname="com.qa.testpage.SignUpPage_Test" name="@BeforeMethod setUp" time="0.072">
    <failure type="java.lang.NoClassDefFoundError" message="dev/failsafe/Policy">
      <![CDATA[java.lang.NoClassDefFoundError: dev/failsafe/Policy
at org.openqa.selenium.remote.http.ClientConfig.<clinit>(ClientConfig.java:32)
at org.openqa.selenium.chrome.ChromeDriver.<init>(ChromeDriver.java:83)
at org.openqa.selenium.chrome.ChromeDriver.<init>(ChromeDriver.java:51)
at com.qa.BasePage.BasePageTest.initialization(BasePageTest.java:45)
at com.qa.testpage.SignUpPage_Test.setUp(SignUpPage_Test.java:27)
at java.base/java.util.ArrayList.forEach(ArrayList.java:1511)
Caused by: java.lang.ClassNotFoundException: dev.failsafe.Policy
at java.base/jdk.internal.loader.BuiltinClassLoader.loadClass(BuiltinClassLoader.java:641)
at java.base/jdk.internal.loader.ClassLoaders$AppClassLoader.loadClass(ClassLoaders.java:188)
at java.base/java.lang.ClassLoader.loadClass(ClassLoader.java:520)
... 37 more
... Removed 31 stack frames]]>
    </failure>
  </testcase> <!-- @BeforeMethod setUp -->
  <testcase classname="com.qa.testpage.LoginPage_Test" name="@BeforeMethod setUp" time="0.001">
    <failure type="java.lang.NoClassDefFoundError" message="Could not initialize class org.openqa.selenium.remote.http.ClientConfig">
      <![CDATA[java.lang.NoClassDefFoundError: Could not initialize class org.openqa.selenium.remote.http.ClientConfig
at org.openqa.selenium.chrome.ChromeDriver.<init>(ChromeDriver.java:83)
at org.openqa.selenium.chrome.ChromeDriver.<init>(ChromeDriver.java:51)
at com.qa.BasePage.BasePageTest.initialization(BasePageTest.java:45)
at com.qa.testpage.LoginPage_Test.setUp(LoginPage_Test.java:26)
at java.base/java.util.ArrayList.forEach(ArrayList.java:1511)
... Removed 31 stack frames]]>
    </failure>
  </testcase> <!-- @BeforeMethod setUp -->
  <testcase classname="com.qa.testpage.LoginPage_Test" name="@BeforeMethod setUp" time="-1.698059821E9">
    <skipped/>
  </testcase> <!-- @BeforeMethod setUp -->
  <testcase classname="com.qa.testpage.ForgetPasswordPage_Test" name="@BeforeMethod setUp" time="0.001">
    <failure type="java.lang.NoClassDefFoundError" message="Could not initialize class org.openqa.selenium.remote.http.ClientConfig">
      <![CDATA[java.lang.NoClassDefFoundError: Could not initialize class org.openqa.selenium.remote.http.ClientConfig
at org.openqa.selenium.chrome.ChromeDriver.<init>(ChromeDriver.java:83)
at org.openqa.selenium.chrome.ChromeDriver.<init>(ChromeDriver.java:51)
at com.qa.BasePage.BasePageTest.initialization(BasePageTest.java:45)
at com.qa.testpage.ForgetPasswordPage_Test.setUp(ForgetPasswordPage_Test.java:25)
at java.base/java.util.ArrayList.forEach(ArrayList.java:1511)
... Removed 31 stack frames]]>
    </failure>
  </testcase> <!-- @BeforeMethod setUp -->
  <testcase classname="com.qa.testpage.SignUpPage_Test" name="Validate_SignUpLink" time="0.0">
    <skipped/>
  </testcase> <!-- Validate_SignUpLink -->
  <testcase classname="com.qa.testpage.LoginPage_Test" name="loginPageTitleTest" time="0.0">
    <skipped/>
  </testcase> <!-- loginPageTitleTest -->
  <testcase classname="com.qa.testpage.LoginPage_Test" name="loginpage_Test" time="0.0">
    <skipped/>
  </testcase> <!-- loginpage_Test -->
  <testcase classname="com.qa.testpage.ForgetPasswordPage_Test" name="validate_ForgetPassLink" time="0.0">
    <skipped/>
  </testcase> <!-- validate_ForgetPassLink -->
</testsuite> <!-- Test -->
