<?xml version="1.0" encoding="UTF-8"?>
<testng-results ignored="0" total="7" passed="6" failed="1" skipped="0">
  <reporter-output>
  </reporter-output>
  <suite started-at="2023-12-02T12:49:47 IST" name="Suite" finished-at="2023-12-02T12:52:14 IST" duration-ms="146809">
    <groups>
    </groups>
    <test started-at="2023-12-02T12:49:47 IST" name="Test" finished-at="2023-12-02T12:52:14 IST" duration-ms="146809">
      <class name="com.testcase_pom.LoginpageTest_pom">
        <test-method is-config="true" signature="steup()[pri:0, instance:com.testcase_pom.LoginpageTest_pom@76b1e9b8]" started-at="2023-12-02T12:50:29 IST" name="steup" finished-at="2023-12-02T12:50:41 IST" duration-ms="11990" status="PASS">
          <reporter-output>
          </reporter-output>
        </test-method> <!-- steup -->
        <test-method signature="validate_loginpage_titletest()[pri:1, instance:com.testcase_pom.LoginpageTest_pom@76b1e9b8]" started-at="2023-12-02T12:50:41 IST" name="validate_loginpage_titletest" finished-at="2023-12-02T12:50:41 IST" duration-ms="16" status="FAIL">
          <exception class="java.lang.AssertionError">
            <message>
              <![CDATA[expected [Cogmento CR] but found [Cogmento CRM]]]>
            </message>
            <full-stacktrace>
              <![CDATA[java.lang.AssertionError: expected [Cogmento CR] but found [Cogmento CRM]
at org.testng.Assert.fail(Assert.java:99)
at org.testng.Assert.failNotEquals(Assert.java:1037)
at org.testng.Assert.assertEqualsImpl(Assert.java:140)
at org.testng.Assert.assertEquals(Assert.java:122)
at org.testng.Assert.assertEquals(Assert.java:629)
at org.testng.Assert.assertEquals(Assert.java:639)
at com.testcase_pom.LoginpageTest_pom.validate_loginpage_titletest(LoginpageTest_pom.java:48)
at java.base/jdk.internal.reflect.NativeMethodAccessorImpl.invoke0(Native Method)
at java.base/jdk.internal.reflect.NativeMethodAccessorImpl.invoke(NativeMethodAccessorImpl.java:77)
at java.base/jdk.internal.reflect.DelegatingMethodAccessorImpl.invoke(DelegatingMethodAccessorImpl.java:43)
at java.base/java.lang.reflect.Method.invoke(Method.java:568)
at org.testng.internal.MethodInvocationHelper.invokeMethod(MethodInvocationHelper.java:133)
at org.testng.internal.TestInvoker.invokeMethod(TestInvoker.java:598)
at org.testng.internal.TestInvoker.invokeTestMethod(TestInvoker.java:173)
at org.testng.internal.MethodRunner.runInSequence(MethodRunner.java:46)
at org.testng.internal.TestInvoker$MethodInvocationAgent.invoke(TestInvoker.java:824)
at org.testng.internal.TestInvoker.invokeTestMethods(TestInvoker.java:146)
at org.testng.internal.TestMethodWorker.invokeTestMethods(TestMethodWorker.java:146)
at org.testng.internal.TestMethodWorker.run(TestMethodWorker.java:128)
at java.base/java.util.ArrayList.forEach(ArrayList.java:1511)
at org.testng.TestRunner.privateRun(TestRunner.java:794)
at org.testng.TestRunner.run(TestRunner.java:596)
at org.testng.SuiteRunner.runTest(SuiteRunner.java:377)
at org.testng.SuiteRunner.runSequentially(SuiteRunner.java:371)
at org.testng.SuiteRunner.privateRun(SuiteRunner.java:332)
at org.testng.SuiteRunner.run(SuiteRunner.java:276)
at org.testng.SuiteRunnerWorker.runSuite(SuiteRunnerWorker.java:53)
at org.testng.SuiteRunnerWorker.run(SuiteRunnerWorker.java:96)
at org.testng.TestNG.runSuitesSequentially(TestNG.java:1212)
at org.testng.TestNG.runSuitesLocally(TestNG.java:1134)
at org.testng.TestNG.runSuites(TestNG.java:1063)
at org.testng.TestNG.run(TestNG.java:1031)
at org.testng.remote.AbstractRemoteTestNG.run(AbstractRemoteTestNG.java:115)
at org.testng.remote.RemoteTestNG.initAndRun(RemoteTestNG.java:251)
at org.testng.remote.RemoteTestNG.main(RemoteTestNG.java:77)
]]>
            </full-stacktrace>
          </exception> <!-- java.lang.AssertionError -->
          <reporter-output>
          </reporter-output>
        </test-method> <!-- validate_loginpage_titletest -->
        <test-method is-config="true" signature="tear()[pri:0, instance:com.testcase_pom.LoginpageTest_pom@76b1e9b8]" started-at="2023-12-02T12:50:41 IST" name="tear" finished-at="2023-12-02T12:50:41 IST" duration-ms="190" status="PASS">
          <reporter-output>
          </reporter-output>
        </test-method> <!-- tear -->
        <test-method is-config="true" signature="steup()[pri:0, instance:com.testcase_pom.LoginpageTest_pom@76b1e9b8]" started-at="2023-12-02T12:50:41 IST" name="steup" finished-at="2023-12-02T12:51:00 IST" duration-ms="18668" status="PASS">
          <reporter-output>
          </reporter-output>
        </test-method> <!-- steup -->
        <test-method signature="validate_loginpage()[pri:2, instance:com.testcase_pom.LoginpageTest_pom@76b1e9b8]" started-at="2023-12-02T12:51:00 IST" name="validate_loginpage" finished-at="2023-12-02T12:51:00 IST" duration-ms="318" status="PASS">
          <reporter-output>
          </reporter-output>
        </test-method> <!-- validate_loginpage -->
        <test-method is-config="true" signature="tear()[pri:0, instance:com.testcase_pom.LoginpageTest_pom@76b1e9b8]" started-at="2023-12-02T12:51:00 IST" name="tear" finished-at="2023-12-02T12:51:01 IST" duration-ms="201" status="PASS">
          <reporter-output>
          </reporter-output>
        </test-method> <!-- tear -->
      </class> <!-- com.testcase_pom.LoginpageTest_pom -->
      <class name="com.testcase_pom.HomepageTest_pom">
        <test-method is-config="true" signature="steup()[pri:0, instance:com.testcase_pom.HomepageTest_pom@5824a83d]" started-at="2023-12-02T12:49:47 IST" name="steup" finished-at="2023-12-02T12:50:11 IST" duration-ms="24163" status="PASS">
          <reporter-output>
          </reporter-output>
        </test-method> <!-- steup -->
        <test-method signature="Homepage_title()[pri:1, instance:com.testcase_pom.HomepageTest_pom@5824a83d]" started-at="2023-12-02T12:50:11 IST" name="Homepage_title" finished-at="2023-12-02T12:50:11 IST" duration-ms="21" status="PASS">
          <reporter-output>
          </reporter-output>
        </test-method> <!-- Homepage_title -->
        <test-method is-config="true" signature="teardown()[pri:0, instance:com.testcase_pom.HomepageTest_pom@5824a83d]" started-at="2023-12-02T12:50:11 IST" name="teardown" finished-at="2023-12-02T12:50:12 IST" duration-ms="257" status="PASS">
          <reporter-output>
          </reporter-output>
        </test-method> <!-- teardown -->
        <test-method is-config="true" signature="steup()[pri:0, instance:com.testcase_pom.HomepageTest_pom@5824a83d]" started-at="2023-12-02T12:50:12 IST" name="steup" finished-at="2023-12-02T12:50:26 IST" duration-ms="14262" status="PASS">
          <reporter-output>
          </reporter-output>
        </test-method> <!-- steup -->
        <test-method signature="verifyContacts_link()[pri:2, instance:com.testcase_pom.HomepageTest_pom@5824a83d]" started-at="2023-12-02T12:50:26 IST" name="verifyContacts_link" finished-at="2023-12-02T12:50:29 IST" duration-ms="2963" status="PASS">
          <reporter-output>
          </reporter-output>
        </test-method> <!-- verifyContacts_link -->
        <test-method is-config="true" signature="teardown()[pri:0, instance:com.testcase_pom.HomepageTest_pom@5824a83d]" started-at="2023-12-02T12:50:29 IST" name="teardown" finished-at="2023-12-02T12:50:29 IST" duration-ms="308" status="PASS">
          <reporter-output>
          </reporter-output>
        </test-method> <!-- teardown -->
      </class> <!-- com.testcase_pom.HomepageTest_pom -->
      <class name="com.testcase_pom.Add_New_ContactTest_pom">
        <test-method is-config="true" signature="steup()[pri:0, instance:com.testcase_pom.Add_New_ContactTest_pom@27406a17]" started-at="2023-12-02T12:51:01 IST" name="steup" finished-at="2023-12-02T12:51:15 IST" duration-ms="14151" status="PASS">
          <reporter-output>
          </reporter-output>
        </test-method> <!-- steup -->
        <test-method signature="validate_new_contact(java.lang.String,java.lang.String,java.lang.String,java.lang.String)[pri:1, instance:com.testcase_pom.Add_New_ContactTest_pom@27406a17]" started-at="2023-12-02T12:51:15 IST" name="validate_new_contact" data-provider="getCRMTestData" finished-at="2023-12-02T12:51:17 IST" duration-ms="1484" status="PASS">
          <params>
            <param index="0">
              <value>
                <![CDATA[Gous]]>
              </value>
            </param>
            <param index="1">
              <value>
                <![CDATA[Shaikh]]>
              </value>
            </param>
            <param index="2">
              <value>
                <![CDATA[Rasul]]>
              </value>
            </param>
            <param index="3">
              <value>
                <![CDATA[Honda]]>
              </value>
            </param>
          </params>
          <reporter-output>
          </reporter-output>
        </test-method> <!-- validate_new_contact -->
        <test-method is-config="true" signature="teardown()[pri:0, instance:com.testcase_pom.Add_New_ContactTest_pom@27406a17]" started-at="2023-12-02T12:51:17 IST" name="teardown" finished-at="2023-12-02T12:51:17 IST" duration-ms="245" status="PASS">
          <reporter-output>
          </reporter-output>
        </test-method> <!-- teardown -->
        <test-method is-config="true" signature="steup()[pri:0, instance:com.testcase_pom.Add_New_ContactTest_pom@27406a17]" started-at="2023-12-02T12:51:17 IST" name="steup" finished-at="2023-12-02T12:51:40 IST" duration-ms="22476" status="PASS">
          <reporter-output>
          </reporter-output>
        </test-method> <!-- steup -->
        <test-method signature="validate_new_contact(java.lang.String,java.lang.String,java.lang.String,java.lang.String)[pri:1, instance:com.testcase_pom.Add_New_ContactTest_pom@27406a17]" started-at="2023-12-02T12:51:40 IST" name="validate_new_contact" data-provider="getCRMTestData" finished-at="2023-12-02T12:51:41 IST" duration-ms="1468" status="PASS">
          <params>
            <param index="0">
              <value>
                <![CDATA[Aniket]]>
              </value>
            </param>
            <param index="1">
              <value>
                <![CDATA[Maid]]>
              </value>
            </param>
            <param index="2">
              <value>
                <![CDATA[Shiva]]>
              </value>
            </param>
            <param index="3">
              <value>
                <![CDATA[Market]]>
              </value>
            </param>
          </params>
          <reporter-output>
          </reporter-output>
        </test-method> <!-- validate_new_contact -->
        <test-method is-config="true" signature="teardown()[pri:0, instance:com.testcase_pom.Add_New_ContactTest_pom@27406a17]" started-at="2023-12-02T12:51:41 IST" name="teardown" finished-at="2023-12-02T12:51:41 IST" duration-ms="281" status="PASS">
          <reporter-output>
          </reporter-output>
        </test-method> <!-- teardown -->
        <test-method is-config="true" signature="steup()[pri:0, instance:com.testcase_pom.Add_New_ContactTest_pom@27406a17]" started-at="2023-12-02T12:51:41 IST" name="steup" finished-at="2023-12-02T12:52:12 IST" duration-ms="30605" status="PASS">
          <reporter-output>
          </reporter-output>
        </test-method> <!-- steup -->
        <test-method signature="validate_new_contact(java.lang.String,java.lang.String,java.lang.String,java.lang.String)[pri:1, instance:com.testcase_pom.Add_New_ContactTest_pom@27406a17]" started-at="2023-12-02T12:52:12 IST" name="validate_new_contact" data-provider="getCRMTestData" finished-at="2023-12-02T12:52:14 IST" duration-ms="1769" status="PASS">
          <params>
            <param index="0">
              <value>
                <![CDATA[Shubham]]>
              </value>
            </param>
            <param index="1">
              <value>
                <![CDATA[Kadam]]>
              </value>
            </param>
            <param index="2">
              <value>
                <![CDATA[Shivaji]]>
              </value>
            </param>
            <param index="3">
              <value>
                <![CDATA[Ebay]]>
              </value>
            </param>
          </params>
          <reporter-output>
          </reporter-output>
        </test-method> <!-- validate_new_contact -->
        <test-method is-config="true" signature="teardown()[pri:0, instance:com.testcase_pom.Add_New_ContactTest_pom@27406a17]" started-at="2023-12-02T12:52:14 IST" name="teardown" finished-at="2023-12-02T12:52:14 IST" duration-ms="247" status="PASS">
          <reporter-output>
          </reporter-output>
        </test-method> <!-- teardown -->
      </class> <!-- com.testcase_pom.Add_New_ContactTest_pom -->
    </test> <!-- Test -->
  </suite> <!-- Suite -->
</testng-results>
