<?xml version="1.0" encoding="UTF-8"?>
<!-- Generated by org.testng.reporters.JUnitXMLReporter -->
<testsuite ignored="0" hostname="edulab3" failures="1" tests="7" name="Test" time="146.809" errors="0" timestamp="2023-12-02T12:52:14 IST">
  <testcase classname="com.testcase_pom.HomepageTest_pom" name="Homepage_title" time="0.021"/>
  <testcase classname="com.testcase_pom.HomepageTest_pom" name="verifyContacts_link" time="2.963"/>
  <testcase classname="com.testcase_pom.LoginpageTest_pom" name="validate_loginpage_titletest" time="0.016">
    <failure type="java.lang.AssertionError" message="expected [Cogmento CR] but found [Cogmento CRM]">
      <![CDATA[java.lang.AssertionError: expected [Cogmento CR] but found [Cogmento CRM]
at com.testcase_pom.LoginpageTest_pom.validate_loginpage_titletest(LoginpageTest_pom.java:48)
at java.base/java.util.ArrayList.forEach(ArrayList.java:1511)
... Removed 33 stack frames]]>
    </failure>
  </testcase> <!-- validate_loginpage_titletest -->
  <testcase classname="com.testcase_pom.LoginpageTest_pom" name="validate_loginpage" time="0.318"/>
  <testcase classname="com.testcase_pom.Add_New_ContactTest_pom" name="validate_new_contact" time="1.484"/>
  <testcase classname="com.testcase_pom.Add_New_ContactTest_pom" name="validate_new_contact" time="1.468"/>
  <testcase classname="com.testcase_pom.Add_New_ContactTest_pom" name="validate_new_contact" time="1.769"/>
</testsuite> <!-- Test -->
